{"contracts/Sbp.sol":{"l":{"40":1,"44":22,"48":3,"52":1,"56":1,"57":1,"59":1,"60":3,"61":1,"62":1,"66":1,"70":5,"74":16,"76":14,"77":14,"81":3,"85":1,"89":1,"90":1,"92":1,"93":2,"94":2,"96":2,"97":2,"98":2,"102":1,"106":2,"107":2,"109":2,"113":3,"114":3,"116":3,"117":3,"119":1,"120":1},"path":"/Users/zakangelle/Sites/sbp/contracts/Sbp.sol","s":{"1":1,"2":22,"3":3,"4":1,"5":1,"6":1,"7":1,"8":3,"9":1,"10":1,"11":5,"12":16,"13":14,"14":14,"15":3,"16":1,"17":1,"18":1,"19":1,"20":2,"21":2,"22":2,"23":2,"24":1,"25":2,"26":2,"27":2,"28":3,"29":3,"30":3,"31":3,"32":1,"33":1},"b":{"1":[1,2],"2":[14,2],"3":[2,0],"4":[3,0],"5":[1,2]},"f":{"1":1,"2":22,"3":3,"4":1,"5":1,"6":5,"7":16,"8":3,"9":1,"10":1,"11":2,"12":3},"fnMap":{"1":{"name":"balanceOf","line":39,"loc":{"start":{"line":39,"column":2},"end":{"line":41,"column":2}}},"2":{"name":"addEvent","line":43,"loc":{"start":{"line":43,"column":2},"end":{"line":45,"column":2}}},"3":{"name":"getEvent","line":47,"loc":{"start":{"line":47,"column":2},"end":{"line":49,"column":2}}},"4":{"name":"getEvents","line":51,"loc":{"start":{"line":51,"column":2},"end":{"line":53,"column":2}}},"5":{"name":"getEligibleBettingEvents","line":55,"loc":{"start":{"line":55,"column":2},"end":{"line":67,"column":2}}},"6":{"name":"setEventResult","line":69,"loc":{"start":{"line":69,"column":2},"end":{"line":71,"column":2}}},"7":{"name":"placeBet","line":73,"loc":{"start":{"line":73,"column":2},"end":{"line":78,"column":2}}},"8":{"name":"getBet","line":80,"loc":{"start":{"line":80,"column":2},"end":{"line":82,"column":2}}},"9":{"name":"getBets","line":84,"loc":{"start":{"line":84,"column":2},"end":{"line":86,"column":2}}},"10":{"name":"getPlacedBets","line":88,"loc":{"start":{"line":88,"column":2},"end":{"line":103,"column":2}}},"11":{"name":"calculateBetPayoutAmount","line":105,"loc":{"start":{"line":105,"column":2},"end":{"line":110,"column":2}}},"12":{"name":"claimBetPayout","line":112,"loc":{"start":{"line":112,"column":2},"end":{"line":121,"column":2}}}},"statementMap":{"1":{"start":{"line":40,"column":4},"end":{"line":40,"column":32}},"2":{"start":{"line":44,"column":4},"end":{"line":44,"column":56}},"3":{"start":{"line":48,"column":4},"end":{"line":48,"column":27}},"4":{"start":{"line":52,"column":4},"end":{"line":52,"column":17}},"5":{"start":{"line":56,"column":4},"end":{"line":56,"column":69}},"6":{"start":{"line":57,"column":4},"end":{"line":57,"column":18}},"7":{"start":{"line":59,"column":4},"end":{"line":59,"column":1482}},"8":{"start":{"line":60,"column":6},"end":{"line":60,"column":1535}},"9":{"start":{"line":61,"column":8},"end":{"line":61,"column":47}},"10":{"start":{"line":66,"column":4},"end":{"line":66,"column":32}},"11":{"start":{"line":70,"column":4},"end":{"line":70,"column":36}},"12":{"start":{"line":74,"column":4},"end":{"line":74,"column":105}},"13":{"start":{"line":76,"column":4},"end":{"line":76,"column":78}},"14":{"start":{"line":77,"column":4},"end":{"line":77,"column":17}},"15":{"start":{"line":81,"column":4},"end":{"line":81,"column":23}},"16":{"start":{"line":85,"column":4},"end":{"line":85,"column":15}},"17":{"start":{"line":89,"column":4},"end":{"line":89,"column":52}},"18":{"start":{"line":90,"column":4},"end":{"line":90,"column":18}},"19":{"start":{"line":92,"column":4},"end":{"line":92,"column":2420}},"20":{"start":{"line":93,"column":6},"end":{"line":93,"column":30}},"21":{"start":{"line":94,"column":6},"end":{"line":94,"column":53}},"22":{"start":{"line":96,"column":6},"end":{"line":96,"column":2559}},"23":{"start":{"line":97,"column":8},"end":{"line":97,"column":34}},"24":{"start":{"line":102,"column":4},"end":{"line":102,"column":21}},"25":{"start":{"line":106,"column":4},"end":{"line":106,"column":96}},"26":{"start":{"line":107,"column":4},"end":{"line":107,"column":74}},"27":{"start":{"line":109,"column":4},"end":{"line":109,"column":37}},"28":{"start":{"line":113,"column":4},"end":{"line":113,"column":33}},"29":{"start":{"line":114,"column":4},"end":{"line":114,"column":47}},"30":{"start":{"line":116,"column":4},"end":{"line":116,"column":85}},"31":{"start":{"line":117,"column":4},"end":{"line":117,"column":79}},"32":{"start":{"line":119,"column":4},"end":{"line":119,"column":53}},"33":{"start":{"line":120,"column":4},"end":{"line":120,"column":36}}},"branchMap":{"1":{"line":60,"type":"if","locations":[{"start":{"line":60,"column":6},"end":{"line":60,"column":6}},{"start":{"line":60,"column":6},"end":{"line":60,"column":6}}]},"2":{"line":74,"type":"if","locations":[{"start":{"line":74,"column":4},"end":{"line":74,"column":4}},{"start":{"line":74,"column":4},"end":{"line":74,"column":4}}]},"3":{"line":96,"type":"if","locations":[{"start":{"line":96,"column":6},"end":{"line":96,"column":6}},{"start":{"line":96,"column":6},"end":{"line":96,"column":6}}]},"4":{"line":116,"type":"if","locations":[{"start":{"line":116,"column":4},"end":{"line":116,"column":4}},{"start":{"line":116,"column":4},"end":{"line":116,"column":4}}]},"5":{"line":117,"type":"if","locations":[{"start":{"line":117,"column":4},"end":{"line":117,"column":4}},{"start":{"line":117,"column":4},"end":{"line":117,"column":4}}]}}}}